AppWithSettings/app/build/intermediates/manifest_merge_blame_file/debug/manifest-merger-blame-debug-report.txt
1<?xml version="1.0" encoding="utf-8"?>
2<manifest xmlns:android="http://schemas.android.com/apk/res/android"
3    package="com.example.android.appwithsettings"
4    android:versionCode="1"
5    android:versionName="1.0" >
6
7    <uses-sdk
8        android:minSdkVersion="15"
8-->src/main/AndroidManifest.xml
9        android:targetSdkVersion="26" />
9-->src/main/AndroidManifest.xml
10
11    <application
11-->src/main/AndroidManifest.xml:7:5-31:19
12        android:allowBackup="true"
12-->src/main/AndroidManifest.xml:8:9-35
13        android:debuggable="true"
14        android:icon="@mipmap/ic_launcher"
14-->src/main/AndroidManifest.xml:9:9-43
15        android:label="@string/app_name"
15-->src/main/AndroidManifest.xml:10:9-41
16        android:roundIcon="@mipmap/ic_launcher_round"
16-->src/main/AndroidManifest.xml:11:9-54
17        android:supportsRtl="true"
17-->src/main/AndroidManifest.xml:12:9-35
18        android:theme="@style/AppTheme" >
18-->src/main/AndroidManifest.xml:13:9-40
19        <activity
19-->src/main/AndroidManifest.xml:14:9-23:20
20            android:name="com.example.android.appwithsettings.MainActivity"
20-->src/main/AndroidManifest.xml:15:13-41
21            android:label="@string/app_name"
21-->src/main/AndroidManifest.xml:16:13-45
22            android:theme="@style/AppTheme.NoActionBar" >
22-->src/main/AndroidManifest.xml:17:13-56
23            <intent-filter>
23-->src/main/AndroidManifest.xml:18:13-22:29
24                <action android:name="android.intent.action.MAIN" />
24-->src/main/AndroidManifest.xml:19:17-69
24-->src/main/AndroidManifest.xml:19:25-66
25
26                <category android:name="android.intent.category.LAUNCHER" />
26-->src/main/AndroidManifest.xml:21:17-77
26-->src/main/AndroidManifest.xml:21:27-74
27            </intent-filter>
28        </activity>
29        <activity
29-->src/main/AndroidManifest.xml:24:9-30:20
30            android:name="com.example.android.appwithsettings.SettingsActivity"
30-->src/main/AndroidManifest.xml:24:19-51
31            android:label="Settings"
31-->src/main/AndroidManifest.xml:25:13-37
32            android:parentActivityName="com.example.android.appwithsettings.MainActivity" >
32-->src/main/AndroidManifest.xml:26:13-55
33            <meta-data
33-->src/main/AndroidManifest.xml:27:13-29:48
34                android:name="android.support.PARENT_ACTIVITY"
34-->src/main/AndroidManifest.xml:28:17-63
35                android:value=".MainActivity" />
35-->src/main/AndroidManifest.xml:29:17-46
36        </activity>
37
38        <meta-data
38-->[com.android.support:design:26.1.0] AndroidManifest.xml:26:9-28:38
39            android:name="android.support.VERSION"
39-->[com.android.support:design:26.1.0] AndroidManifest.xml:27:13-51
40            android:value="26.1.0" />
40-->[com.android.support:design:26.1.0] AndroidManifest.xml:28:13-35
41        <meta-data
41-->[android.arch.lifecycle:runtime:1.0.0] AndroidManifest.xml:25:9-27:47
42            android:name="android.arch.lifecycle.VERSION"
42-->[android.arch.lifecycle:runtime:1.0.0] AndroidManifest.xml:26:13-58
43            android:value="27.0.0-SNAPSHOT" />
43-->[android.arch.lifecycle:runtime:1.0.0] AndroidManifest.xml:27:13-44
44    </application>
45
46</manifest>